<?xml version="1.0" encoding="UTF-8"?>
<!-- Generated by org.testng.reporters.JUnitXMLReporter -->
<testsuite hostname="TYSS-4F-048" name="Surefire test" tests="1" failures="0" timestamp="13 Apr 2018 06:07:09 GMT" time="0.024" errors="0">
  <testcase name="@BeforeMethod preCondition" time="0.0" classname="scripts.LoginTest">
    <failure type="java.lang.NullPointerException">
      <![CDATA[java.lang.NullPointerException
	at generic.EXTENTRe.preCondition(EXTENTRe.java:46)
... Removed 26 stack frames]]>
    </failure>
  </testcase> <!-- @BeforeMethod preCondition -->
  <testcase name="@AfterMethod postCondition" time="0.0" classname="scripts.LoginTest">
    <failure type="java.lang.NullPointerException">
      <![CDATA[java.lang.NullPointerException
	at generic.EXTENTRe.postCondition(EXTENTRe.java:76)
... Removed 26 stack frames]]>
    </failure>
  </testcase> <!-- @AfterMethod postCondition -->
  <testcase name="loginToApp" time="0.001" classname="scripts.LoginTest">
    <skipped/>
  </testcase> <!-- loginToApp -->
</testsuite> <!-- Surefire test -->
