<?xml version="1.0" encoding="UTF-8"?>
<!-- Generated by org.testng.reporters.JUnitXMLReporter -->
<testsuite hostname="TYSS-4F-048" name="Test" tests="2" failures="0" timestamp="13 Apr 2018 12:30:27 GMT" time="31.163" errors="0">
  <testcase name="@AfterMethod postCondition" time="0.0" classname="scripts.LoginTest">
    <failure type="java.lang.NullPointerException">
      <![CDATA[java.lang.NullPointerException
	at generic.EXTENTRe.postCondition(EXTENTRe.java:62)
... Removed 26 stack frames]]>
    </failure>
  </testcase> <!-- @AfterMethod postCondition -->
  <testcase name="@BeforeMethod preCondition" time="0.0" classname="scripts.DressTest">
    <skipped/>
  </testcase> <!-- @BeforeMethod preCondition -->
  <testcase name="@AfterMethod postCondition" time="0.0" classname="scripts.DressTest">
    <skipped/>
  </testcase> <!-- @AfterMethod postCondition -->
  <testcase name="loginToApp" time="31.12" classname="scripts.LoginTest"/>
  <testcase name="dressTest" time="0.001" classname="scripts.DressTest">
    <skipped/>
  </testcase> <!-- dressTest -->
</testsuite> <!-- Test -->
