<?xml version="1.0" encoding="UTF-8"?>
<testng-results skipped="0" failed="0" total="1" passed="1">
  <reporter-output>
  </reporter-output>
  <suite name="Default suite" duration-ms="21527" started-at="2018-06-18T05:52:29Z" finished-at="2018-06-18T05:52:51Z">
    <groups>
    </groups>
    <test name="Default test" duration-ms="21527" started-at="2018-06-18T05:52:29Z" finished-at="2018-06-18T05:52:51Z">
      <class name="scripts.LoginTest">
        <test-method status="PASS" signature="loginToApp()[pri:0, instance:scripts.LoginTest@77caeb3e]" name="loginToApp" duration-ms="21505" started-at="2018-06-18T11:22:29Z" finished-at="2018-06-18T11:22:51Z">
          <reporter-output>
          </reporter-output>
        </test-method> <!-- loginToApp -->
      </class> <!-- scripts.LoginTest -->
    </test> <!-- Default test -->
  </suite> <!-- Default suite -->
</testng-results>
