<?xml version="1.0" encoding="UTF-8"?>
<testng-results skipped="1" failed="0" total="1" passed="0">
  <reporter-output>
  </reporter-output>
  <suite name="Suite" duration-ms="1115" started-at="2018-06-15T07:36:44Z" finished-at="2018-06-15T07:36:45Z">
    <groups>
    </groups>
    <test name="Test" duration-ms="1115" started-at="2018-06-15T07:36:44Z" finished-at="2018-06-15T07:36:45Z">
      <class name="scripts.LoginTest">
        <test-method status="PASS" signature="init()[pri:0, instance:scripts.LoginTest@4f7d0008]" name="init" is-config="true" duration-ms="207" started-at="2018-06-15T13:06:43Z" finished-at="2018-06-15T13:06:44Z">
          <reporter-output>
          </reporter-output>
        </test-method> <!-- init -->
        <test-method status="FAIL" signature="classTest()[pri:0, instance:scripts.LoginTest@4f7d0008]" name="classTest" is-config="true" duration-ms="0" started-at="2018-06-15T13:06:44Z" finished-at="2018-06-15T13:06:44Z">
          <exception class="org.openqa.selenium.SessionNotCreatedException">
            <message>
              <![CDATA[Unable to find a matching set of capabilities
Build info: version: '3.12.0', revision: '7c6e0b3', time: '2018-05-08T14:04:26.12Z'
System info: host: 'TYSS-4F-051', ip: '10.10.14.116', os.name: 'Windows 10', os.arch: 'amd64', os.version: '10.0', java.version: '1.8.0_111'
Driver info: driver.version: FirefoxDriver
remote stacktrace: stack backtrace:
   0:   0x46c297 - <no info>
   1:   0x4388b6 - <no info>
   2:   0x4225f2 - <no info>
   3:   0x406389 - <no info>
   4:   0x40cc97 - <no info>
   5:   0x657a89 - <no info>
   6:   0x4185b6 - <no info>
   7:   0x6535a1 - <no info>
   8: 0x765f62c4 - BaseThreadInitThunk
   9: 0x77440719 - RtlSubscribeWnfStateChangeNotification]]>
            </message>
            <full-stacktrace>
              <![CDATA[org.openqa.selenium.SessionNotCreatedException: Unable to find a matching set of capabilities
Build info: version: '3.12.0', revision: '7c6e0b3', time: '2018-05-08T14:04:26.12Z'
System info: host: 'TYSS-4F-051', ip: '10.10.14.116', os.name: 'Windows 10', os.arch: 'amd64', os.version: '10.0', java.version: '1.8.0_111'
Driver info: driver.version: FirefoxDriver
remote stacktrace: stack backtrace:
   0:   0x46c297 - <no info>
   1:   0x4388b6 - <no info>
   2:   0x4225f2 - <no info>
   3:   0x406389 - <no info>
   4:   0x40cc97 - <no info>
   5:   0x657a89 - <no info>
   6:   0x4185b6 - <no info>
   7:   0x6535a1 - <no info>
   8: 0x765f62c4 - BaseThreadInitThunk
   9: 0x77440719 - RtlSubscribeWnfStateChangeNotification
	at sun.reflect.NativeConstructorAccessorImpl.newInstance0(Native Method)
	at sun.reflect.NativeConstructorAccessorImpl.newInstance(NativeConstructorAccessorImpl.java:62)
	at sun.reflect.DelegatingConstructorAccessorImpl.newInstance(DelegatingConstructorAccessorImpl.java:45)
	at java.lang.reflect.Constructor.newInstance(Constructor.java:423)
	at org.openqa.selenium.remote.W3CHandshakeResponse.lambda$new$0(W3CHandshakeResponse.java:57)
	at org.openqa.selenium.remote.W3CHandshakeResponse.lambda$getResponseFunction$2(W3CHandshakeResponse.java:104)
	at org.openqa.selenium.remote.ProtocolHandshake.lambda$createSession$0(ProtocolHandshake.java:123)
	at java.util.stream.ReferencePipeline$3$1.accept(ReferencePipeline.java:193)
	at java.util.Spliterators$ArraySpliterator.tryAdvance(Spliterators.java:958)
	at java.util.stream.ReferencePipeline.forEachWithCancel(ReferencePipeline.java:126)
	at java.util.stream.AbstractPipeline.copyIntoWithCancel(AbstractPipeline.java:498)
	at java.util.stream.AbstractPipeline.copyInto(AbstractPipeline.java:485)
	at java.util.stream.AbstractPipeline.wrapAndCopyInto(AbstractPipeline.java:471)
	at java.util.stream.FindOps$FindOp.evaluateSequential(FindOps.java:152)
	at java.util.stream.AbstractPipeline.evaluate(AbstractPipeline.java:234)
	at java.util.stream.ReferencePipeline.findFirst(ReferencePipeline.java:464)
	at org.openqa.selenium.remote.ProtocolHandshake.createSession(ProtocolHandshake.java:126)
	at org.openqa.selenium.remote.ProtocolHandshake.createSession(ProtocolHandshake.java:73)
	at org.openqa.selenium.remote.HttpCommandExecutor.execute(HttpCommandExecutor.java:136)
	at org.openqa.selenium.remote.service.DriverCommandExecutor.execute(DriverCommandExecutor.java:83)
	at org.openqa.selenium.remote.RemoteWebDriver.execute(RemoteWebDriver.java:543)
	at org.openqa.selenium.remote.RemoteWebDriver.startSession(RemoteWebDriver.java:207)
	at org.openqa.selenium.remote.RemoteWebDriver.<init>(RemoteWebDriver.java:130)
	at org.openqa.selenium.firefox.FirefoxDriver.<init>(FirefoxDriver.java:125)
	at org.openqa.selenium.firefox.FirefoxDriver.<init>(FirefoxDriver.java:103)
	at generic.EXTENTRe.classTest(EXTENTRe.java:48)
	at sun.reflect.NativeMethodAccessorImpl.invoke0(Native Method)
	at sun.reflect.NativeMethodAccessorImpl.invoke(NativeMethodAccessorImpl.java:62)
	at sun.reflect.DelegatingMethodAccessorImpl.invoke(DelegatingMethodAccessorImpl.java:43)
	at java.lang.reflect.Method.invoke(Method.java:498)
	at org.testng.internal.MethodInvocationHelper.invokeMethod(MethodInvocationHelper.java:86)
	at org.testng.internal.Invoker.invokeConfigurationMethod(Invoker.java:514)
	at org.testng.internal.Invoker.invokeConfigurations(Invoker.java:215)
	at org.testng.internal.Invoker.invokeConfigurations(Invoker.java:142)
	at org.testng.internal.TestMethodWorker.invokeBeforeClassMethods(TestMethodWorker.java:178)
	at org.testng.internal.TestMethodWorker.run(TestMethodWorker.java:108)
	at java.util.concurrent.ThreadPoolExecutor.runWorker(ThreadPoolExecutor.java:1142)
	at java.util.concurrent.ThreadPoolExecutor$Worker.run(ThreadPoolExecutor.java:617)
	at java.lang.Thread.run(Thread.java:745)
]]>
            </full-stacktrace>
          </exception> <!-- org.openqa.selenium.SessionNotCreatedException -->
          <reporter-output>
          </reporter-output>
        </test-method> <!-- classTest -->
        <test-method status="SKIP" signature="preCondition(java.lang.reflect.Method)[pri:0, instance:scripts.LoginTest@4f7d0008]" name="preCondition" is-config="true" duration-ms="0" started-at="2018-06-15T13:06:45Z" finished-at="2018-06-15T13:06:45Z">
          <reporter-output>
          </reporter-output>
        </test-method> <!-- preCondition -->
        <test-method status="SKIP" signature="loginToApp()[pri:0, instance:scripts.LoginTest@4f7d0008]" name="loginToApp" duration-ms="16" started-at="2018-06-15T13:06:45Z" finished-at="2018-06-15T13:06:45Z">
          <reporter-output>
          </reporter-output>
        </test-method> <!-- loginToApp -->
        <test-method status="SKIP" signature="postCondition(org.testng.ITestResult, java.lang.reflect.Method)[pri:0, instance:scripts.LoginTest@4f7d0008]" name="postCondition" is-config="true" duration-ms="0" started-at="2018-06-15T13:06:45Z" finished-at="2018-06-15T13:06:45Z">
          <reporter-output>
          </reporter-output>
        </test-method> <!-- postCondition -->
        <test-method status="SKIP" signature="afterclass()[pri:0, instance:scripts.LoginTest@4f7d0008]" name="afterclass" is-config="true" duration-ms="0" started-at="2018-06-15T13:06:45Z" finished-at="2018-06-15T13:06:45Z">
          <reporter-output>
          </reporter-output>
        </test-method> <!-- afterclass -->
        <test-method status="SKIP" signature="end()[pri:0, instance:scripts.LoginTest@4f7d0008]" name="end" is-config="true" duration-ms="0" started-at="2018-06-15T13:06:45Z" finished-at="2018-06-15T13:06:45Z">
          <reporter-output>
          </reporter-output>
        </test-method> <!-- end -->
      </class> <!-- scripts.LoginTest -->
    </test> <!-- Test -->
  </suite> <!-- Suite -->
</testng-results>
